Using pre-set license
Built from '2020.2/release' branch; Version is '2020.2.1f1 (270dd8c3da1c) revision 2559448'; Using compiler version '192528614'; Build Type 'Release'
OS: 'Windows 10  (10.0.0) 64bit' Language: 'ko' Physical Memory: 8139 MB
BatchMode: 1, IsHumanControllingUs: 0, StartBugReporterOnCrash: 0, Is64bit: 1, IsPro: 0

 COMMAND LINE ARGUMENTS:
C:\Program Files\Unity\Hub\Editor\2020.2.1f1\Editor\Unity.exe
-adb2
-batchMode
-noUpm
-name
AssetImportWorker1
-projectPath
C:/Users/takdw/Documents/Project Empty
-logFile
Logs/AssetImportWorker1.log
-srvPort
49258
Successfully changed project path to: C:/Users/takdw/Documents/Project Empty
C:/Users/takdw/Documents/Project Empty
Using Asset Import Pipeline V2.
Refreshing native plugins compatible for Editor in 87.08 ms, found 1 plugins.
Preloading 0 native plugins for Editor in 0.00 ms.
Initialize engine version: 2020.2.1f1 (270dd8c3da1c)
[Subsystems] Discovering subsystems at path C:/Program Files/Unity/Hub/Editor/2020.2.1f1/Editor/Data/Resources/UnitySubsystems
[Subsystems] Discovering subsystems at path C:/Users/takdw/Documents/Project Empty/Assets
GfxDevice: creating device client; threaded=0
Direct3D:
    Version:  Direct3D 11.0 [level 11.1]
    Renderer: NVIDIA GeForce GTX 970 (ID=0x13c2)
    Vendor:   
    VRAM:     4043 MB
    Driver:   27.21.14.5671
Shader 'Universal Render Pipeline/Particles/Lit': fallback shader 'Universal Render Pipeline/Particles/SimpleLit' not found
Initialize mono
Mono path[0] = 'C:/Program Files/Unity/Hub/Editor/2020.2.1f1/Editor/Data/Managed'
Mono path[1] = 'C:/Program Files/Unity/Hub/Editor/2020.2.1f1/Editor/Data/MonoBleedingEdge/lib/mono/unityjit'
Mono config path = 'C:/Program Files/Unity/Hub/Editor/2020.2.1f1/Editor/Data/MonoBleedingEdge/etc'
Using monoOptions --debugger-agent=transport=dt_socket,embedding=1,server=y,suspend=n,address=127.0.0.1:56356
Begin MonoManager ReloadAssembly
Registering precompiled unity dll's ...
Register platform support module: C:/Program Files/Unity/Hub/Editor/2020.2.1f1/Editor/Data/PlaybackEngines/WindowsStandaloneSupport/UnityEditor.WindowsStandalone.Extensions.dll
Registered in 0.003277 seconds.
Native extension for WindowsStandalone target not found
Refreshing native plugins compatible for Editor in 75.56 ms, found 1 plugins.
Preloading 0 native plugins for Editor in 0.00 ms.
Invoked RoslynAnalysisRunner static constructor.
RoslynAnalysisRunner will not be running.
RoslynAnalysisRunner has terminated.
Mono: successfully reloaded assembly
- Completed reload, in  1.782 seconds
Platform modules already initialized, skipping
Registering precompiled user dll's ...
Registered in 0.005084 seconds.
Begin MonoManager ReloadAssembly
Native extension for WindowsStandalone target not found
Refreshing native plugins compatible for Editor in 83.36 ms, found 1 plugins.
Preloading 0 native plugins for Editor in 0.00 ms.
Invoked RoslynAnalysisRunner static constructor.
RoslynAnalysisRunner will not be running.
RoslynAnalysisRunner has terminated.
Mono: successfully reloaded assembly
- Completed reload, in  4.210 seconds
Platform modules already initialized, skipping
========================================================================
Worker process is ready to serve import requests
Shader 'Universal Render Pipeline/Particles/Lit': fallback shader 'Universal Render Pipeline/Particles/SimpleLit' not found
Launched and connected shader compiler UnityShaderCompiler.exe after 0.13 seconds
Refreshing native plugins compatible for Editor in 0.62 ms, found 1 plugins.
Preloading 0 native plugins for Editor in 0.00 ms.
Unloading 3639 Unused Serialized files (Serialized files now loaded: 0)
System memory in use before: 155.6 MB.
System memory in use after: 155.8 MB.

Unloading 22 unused Assets to reduce memory usage. Loaded Objects now: 4092.
Total: 2.662600 ms (FindLiveObjects: 0.306400 ms CreateObjectMapping: 0.218900 ms MarkObjects: 2.076500 ms  DeleteObjects: 0.059800 ms)

========================================================================
Received Import Request.
  path: Assets/Test
  artifactKey: Guid(2de57748ca6c62e44aa404d26f2e5c47) Importer(815301076,1909f56bfc062723c751e8b465ee728b)
Start importing Assets/Test using Guid(2de57748ca6c62e44aa404d26f2e5c47) Importer(815301076,1909f56bfc062723c751e8b465ee728b)  -> (artifact id: '5dea13ed499f4dd9f649c4c33af5fcc9') in 0.014536 seconds
  Import took 0.021234 seconds .

========================================================================
Received Import Request.
  Time since last request: 217.260106 seconds.
  path: Packages/com.unity.render-pipelines.universal/Runtime/Materials/Lit.mat
  artifactKey: Guid(31321ba15b8f8eb4c954353edc038b1d) Importer(815301076,1909f56bfc062723c751e8b465ee728b)
Start importing Packages/com.unity.render-pipelines.universal/Runtime/Materials/Lit.mat using Guid(31321ba15b8f8eb4c954353edc038b1d) Importer(815301076,1909f56bfc062723c751e8b465ee728b)  -> (artifact id: 'ba3edffa4c92ac0bfb49391e51f5d258') in 0.326431 seconds
  Import took 0.338975 seconds .

========================================================================
Received Import Request.
  Time since last request: 0.000275 seconds.
  path: Packages/com.unity.render-pipelines.universal/Runtime/Materials/ParticlesUnlit.mat
  artifactKey: Guid(e823cd5b5d27c0f4b8256e7c12ee3e6d) Importer(815301076,1909f56bfc062723c751e8b465ee728b)
Start importing Packages/com.unity.render-pipelines.universal/Runtime/Materials/ParticlesUnlit.mat using Guid(e823cd5b5d27c0f4b8256e7c12ee3e6d) Importer(815301076,1909f56bfc062723c751e8b465ee728b)  -> (artifact id: 'bcc60868f769a043adf262d7e4341335') in 0.036706 seconds
  Import took 0.046518 seconds .

========================================================================
Received Import Request.
  Time since last request: 0.000301 seconds.
  path: Packages/com.unity.render-pipelines.universal/Runtime/Materials/TerrainLit.mat
  artifactKey: Guid(594ea882c5a793440b60ff72d896021e) Importer(815301076,1909f56bfc062723c751e8b465ee728b)
Start importing Packages/com.unity.render-pipelines.universal/Runtime/Materials/TerrainLit.mat using Guid(594ea882c5a793440b60ff72d896021e) Importer(815301076,1909f56bfc062723c751e8b465ee728b)  -> (artifact id: '74be2b513fecd0ba89cb314580cb3746') in 0.031192 seconds
  Import took 0.039999 seconds .

========================================================================
Received Import Request.
  Time since last request: 0.000242 seconds.
  path: Packages/com.unity.render-pipelines.universal/Runtime/Materials/Sprite-Unlit-Default.mat
  artifactKey: Guid(9dfc825aed78fcd4ba02077103263b40) Importer(815301076,1909f56bfc062723c751e8b465ee728b)
Start importing Packages/com.unity.render-pipelines.universal/Runtime/Materials/Sprite-Unlit-Default.mat using Guid(9dfc825aed78fcd4ba02077103263b40) Importer(815301076,1909f56bfc062723c751e8b465ee728b)  -> (artifact id: 'ea658e3edd41ca6a0ef89cd0f5fac5ec') in 0.022995 seconds
  Import took 0.031077 seconds .

========================================================================
Received Import Request.
  Time since last request: 0.000242 seconds.
  path: Packages/com.unity.render-pipelines.universal/Runtime/Materials/SimpleLit.mat
  artifactKey: Guid(6a1143ee683302f4aa628c052723efc1) Importer(815301076,1909f56bfc062723c751e8b465ee728b)
Start importing Packages/com.unity.render-pipelines.universal/Runtime/Materials/SimpleLit.mat using Guid(6a1143ee683302f4aa628c052723efc1) Importer(815301076,1909f56bfc062723c751e8b465ee728b)  -> (artifact id: '52037253107568fdd07cfd024cacc290') in 0.027499 seconds
  Import took 0.035196 seconds .

========================================================================
Received Import Request.
  Time since last request: 0.000240 seconds.
  path: Packages/com.unity.render-pipelines.universal/Runtime/Materials/Sprite-Lit-Default.mat
  artifactKey: Guid(a97c105638bdf8b4a8650670310a4cd3) Importer(815301076,1909f56bfc062723c751e8b465ee728b)
Start importing Packages/com.unity.render-pipelines.universal/Runtime/Materials/Sprite-Lit-Default.mat using Guid(a97c105638bdf8b4a8650670310a4cd3) Importer(815301076,1909f56bfc062723c751e8b465ee728b)  -> (artifact id: '1d123814914e2697eac270f711e5b871') in 0.023038 seconds
  Import took 0.030731 seconds .

========================================================================
Received Import Request.
  Time since last request: 0.000302 seconds.
  path: Packages/com.unity.render-pipelines.universal/Runtime/Materials/Lit.mat
  artifactKey: Guid(31321ba15b8f8eb4c954353edc038b1d) Importer(815301076,1909f56bfc062723c751e8b465ee728b)
Start importing Packages/com.unity.render-pipelines.universal/Runtime/Materials/Lit.mat using Guid(31321ba15b8f8eb4c954353edc038b1d) Importer(815301076,1909f56bfc062723c751e8b465ee728b)  -> (artifact id: 'ba3edffa4c92ac0bfb49391e51f5d258') in 0.012132 seconds
  Import took 0.021759 seconds .

========================================================================
Received Import Request.
  Time since last request: 187.458531 seconds.
  path: Assets/Scenes/Game
  artifactKey: Guid(e85a6795ae1860b4a9d8b1b826b00ec2) Importer(815301076,1909f56bfc062723c751e8b465ee728b)
Start importing Assets/Scenes/Game using Guid(e85a6795ae1860b4a9d8b1b826b00ec2) Importer(815301076,1909f56bfc062723c751e8b465ee728b)  -> (artifact id: '405d938ccfe99a85331e7231f0b500cf') in 0.012814 seconds
  Import took 0.020780 seconds .

========================================================================
Received Import Request.
  Time since last request: 0.048756 seconds.
  path: Assets/Scenes/Game/LightingData.asset
  artifactKey: Guid(808892c69ab0b184ba249e017bb6f56b) Importer(815301076,1909f56bfc062723c751e8b465ee728b)
Start importing Assets/Scenes/Game/LightingData.asset using Guid(808892c69ab0b184ba249e017bb6f56b) Importer(815301076,1909f56bfc062723c751e8b465ee728b)  -> (artifact id: '2749721a3fe590354bf11f9717b8e35f') in 0.029299 seconds
  Import took 0.037095 seconds .

========================================================================
Received Import Request.
  Time since last request: 0.000362 seconds.
  path: Assets/Scenes/Game/ReflectionProbe-0.exr
  artifactKey: Guid(4ca2295142b2b684d8d787f3f4f0b179) Importer(815301076,1909f56bfc062723c751e8b465ee728b)
Start importing Assets/Scenes/Game/ReflectionProbe-0.exr using Guid(4ca2295142b2b684d8d787f3f4f0b179) Importer(815301076,1909f56bfc062723c751e8b465ee728b)  -> (artifact id: 'a416f9e5cec07b9343bc74bb62ec401c') in 0.662751 seconds
  Import took 0.675043 seconds .

========================================================================
Received Import Request.
  Time since last request: 9.612605 seconds.
  path: Assets/Scenes/Game.unity
  artifactKey: Guid(04610f97b8a498046a6e2bb14a3259a1) Importer(815301076,1909f56bfc062723c751e8b465ee728b)
Start importing Assets/Scenes/Game.unity using Guid(04610f97b8a498046a6e2bb14a3259a1) Importer(815301076,1909f56bfc062723c751e8b465ee728b)  -> (artifact id: '6745f2875dfa8c51ffce10f369cc691a') in 0.011422 seconds
  Import took 0.019127 seconds .

========================================================================
Received Import Request.
  Time since last request: 0.488749 seconds.
  path: Assets/Scenes/Main.unity
  artifactKey: Guid(31ded5e4814caf6448210617810628f5) Importer(815301076,1909f56bfc062723c751e8b465ee728b)
Start importing Assets/Scenes/Main.unity using Guid(31ded5e4814caf6448210617810628f5) Importer(815301076,1909f56bfc062723c751e8b465ee728b)  -> (artifact id: '7d99a8b1ca4381436d6425f61578ce75') in 0.009737 seconds
  Import took 0.018541 seconds .

========================================================================
Received Import Request.
  Time since last request: 0.650135 seconds.
  path: Assets/Scenes/Test.unity
  artifactKey: Guid(01df155411614f249bc6a81bb16e1483) Importer(815301076,1909f56bfc062723c751e8b465ee728b)
Start importing Assets/Scenes/Test.unity using Guid(01df155411614f249bc6a81bb16e1483) Importer(815301076,1909f56bfc062723c751e8b465ee728b)  -> (artifact id: 'dec905cf75916af64d1871748d3f4b1b') in 0.009967 seconds
  Import took 0.018504 seconds .

========================================================================
Received Prepare
Registering precompiled user dll's ...
Registered in 0.005039 seconds.
Begin MonoManager ReloadAssembly
Native extension for WindowsStandalone target not found
Refreshing native plugins compatible for Editor in 0.66 ms, found 1 plugins.
Preloading 0 native plugins for Editor in 0.00 ms.
Invoked RoslynAnalysisRunner static constructor.
RoslynAnalysisRunner will not be running.
RoslynAnalysisRunner has terminated.
Mono: successfully reloaded assembly
- Completed reload, in  1.268 seconds
Platform modules already initialized, skipping
Shader 'Universal Render Pipeline/Particles/Lit': fallback shader 'Universal Render Pipeline/Particles/SimpleLit' not found
Refreshing native plugins compatible for Editor in 0.82 ms, found 1 plugins.
Preloading 0 native plugins for Editor in 0.00 ms.
Unloading 3492 Unused Serialized files (Serialized files now loaded: 0)
System memory in use before: 152.3 MB.
System memory in use after: 152.5 MB.

Unloading 11 unused Assets to reduce memory usage. Loaded Objects now: 4175.
Total: 3.951300 ms (FindLiveObjects: 0.435300 ms CreateObjectMapping: 0.458500 ms MarkObjects: 3.012300 ms  DeleteObjects: 0.043800 ms)

========================================================================
Received Import Request.
  Time since last request: 19.485424 seconds.
  path: Assets/Scenes/Game.unity
  artifactKey: Guid(04610f97b8a498046a6e2bb14a3259a1) Importer(815301076,1909f56bfc062723c751e8b465ee728b)
Start importing Assets/Scenes/Game.unity using Guid(04610f97b8a498046a6e2bb14a3259a1) Importer(815301076,1909f56bfc062723c751e8b465ee728b)  -> (artifact id: '682bdadba037f52355871ce407b39d06') in 0.016574 seconds
  Import took 0.026298 seconds .

========================================================================
Received Import Request.
  Time since last request: 130.655114 seconds.
  path: Assets/Resources/DOTweenSettings.asset
  artifactKey: Guid(80f99e4a63ddf694c976244ad2eaa255) Importer(815301076,1909f56bfc062723c751e8b465ee728b)
Start importing Assets/Resources/DOTweenSettings.asset using Guid(80f99e4a63ddf694c976244ad2eaa255) Importer(815301076,1909f56bfc062723c751e8b465ee728b)  -> (artifact id: 'e85fa89293c2f0630b7a848cdc1471d8') in 0.012325 seconds
  Import took 0.022535 seconds .

========================================================================
Received Import Request.
  Time since last request: 8.641930 seconds.
  path: Packages/com.unity.2d.animation/package.json
  artifactKey: Guid(9e83c20a8293f44ec8a375d3805f477d) Importer(815301076,1909f56bfc062723c751e8b465ee728b)
Start importing Packages/com.unity.2d.animation/package.json using Guid(9e83c20a8293f44ec8a375d3805f477d) Importer(815301076,1909f56bfc062723c751e8b465ee728b)  -> (artifact id: '0f8c342bdfab4fdb9a9ba0622d01bf9b') in 0.033904 seconds
  Import took 0.044358 seconds .

========================================================================
Received Import Request.
  Time since last request: 15.262206 seconds.
  path: Assets/Scripts/Utility
  artifactKey: Guid(db96a0db6fbcb014f859de385f4f6a60) Importer(815301076,1909f56bfc062723c751e8b465ee728b)
Start importing Assets/Scripts/Utility using Guid(db96a0db6fbcb014f859de385f4f6a60) Importer(815301076,1909f56bfc062723c751e8b465ee728b)  -> (artifact id: '827f64f840825922644ac6dd22a515a4') in 0.010642 seconds
  Import took 0.019034 seconds .

========================================================================
Received Import Request.
  Time since last request: 248.362335 seconds.
  path: Assets/Scripts/Controller/InputManager.cs
  artifactKey: Guid(3c5dc66571fdffb489266e360c9f066e) Importer(815301076,1909f56bfc062723c751e8b465ee728b)
Start importing Assets/Scripts/Controller/InputManager.cs using Guid(3c5dc66571fdffb489266e360c9f066e) Importer(815301076,1909f56bfc062723c751e8b465ee728b)  -> (artifact id: 'd27a3511c102e28f66a9bb608b611be1') in 0.028144 seconds
  Import took 0.035472 seconds .

========================================================================
Received Import Request.
  Time since last request: 0.015329 seconds.
  path: Assets/Scripts/Controller/InputManager.cs
  artifactKey: Guid(3c5dc66571fdffb489266e360c9f066e) Importer(815301076,1909f56bfc062723c751e8b465ee728b)
Start importing Assets/Scripts/Controller/InputManager.cs using Guid(3c5dc66571fdffb489266e360c9f066e) Importer(815301076,1909f56bfc062723c751e8b465ee728b)  -> (artifact id: 'd27a3511c102e28f66a9bb608b611be1') in 0.005591 seconds
  Import took 0.012250 seconds .

========================================================================
Received Prepare
Registering precompiled user dll's ...
Registered in 0.007191 seconds.
Begin MonoManager ReloadAssembly
Native extension for WindowsStandalone target not found
Refreshing native plugins compatible for Editor in 0.89 ms, found 1 plugins.
Preloading 0 native plugins for Editor in 0.00 ms.
Invoked RoslynAnalysisRunner static constructor.
RoslynAnalysisRunner will not be running.
RoslynAnalysisRunner has terminated.
Mono: successfully reloaded assembly
- Completed reload, in  1.734 seconds
Platform modules already initialized, skipping
Shader 'Universal Render Pipeline/Particles/Lit': fallback shader 'Universal Render Pipeline/Particles/SimpleLit' not found
Refreshing native plugins compatible for Editor in 0.67 ms, found 1 plugins.
Preloading 0 native plugins for Editor in 0.00 ms.
Unloading 3492 Unused Serialized files (Serialized files now loaded: 0)
System memory in use before: 153.4 MB.
System memory in use after: 153.6 MB.

Unloading 10 unused Assets to reduce memory usage. Loaded Objects now: 4178.
Total: 3.973300 ms (FindLiveObjects: 0.358200 ms CreateObjectMapping: 0.245800 ms MarkObjects: 3.347600 ms  DeleteObjects: 0.020500 ms)

========================================================================
Received Import Request.
  Time since last request: 441.700448 seconds.
  path: Assets/Scripts/Controller/InputManager.cs
  artifactKey: Guid(3c5dc66571fdffb489266e360c9f066e) Importer(815301076,1909f56bfc062723c751e8b465ee728b)
Start importing Assets/Scripts/Controller/InputManager.cs using Guid(3c5dc66571fdffb489266e360c9f066e) Importer(815301076,1909f56bfc062723c751e8b465ee728b)  -> (artifact id: '0fb3470a48f849917bf14eaa21d9d847') in 0.015204 seconds
  Import took 0.028163 seconds .

========================================================================
Received Prepare
Registering precompiled user dll's ...
Registered in 0.005169 seconds.
Begin MonoManager ReloadAssembly
Native extension for WindowsStandalone target not found
Refreshing native plugins compatible for Editor in 0.73 ms, found 1 plugins.
Preloading 0 native plugins for Editor in 0.00 ms.
Invoked RoslynAnalysisRunner static constructor.
RoslynAnalysisRunner will not be running.
RoslynAnalysisRunner has terminated.
Mono: successfully reloaded assembly
- Completed reload, in  1.529 seconds
Platform modules already initialized, skipping
Shader 'Universal Render Pipeline/Particles/Lit': fallback shader 'Universal Render Pipeline/Particles/SimpleLit' not found
Refreshing native plugins compatible for Editor in 0.67 ms, found 1 plugins.
Preloading 0 native plugins for Editor in 0.00 ms.
Unloading 3492 Unused Serialized files (Serialized files now loaded: 0)
System memory in use before: 153.4 MB.
System memory in use after: 153.6 MB.

Unloading 10 unused Assets to reduce memory usage. Loaded Objects now: 4181.
Total: 3.019900 ms (FindLiveObjects: 0.326800 ms CreateObjectMapping: 0.154100 ms MarkObjects: 2.514300 ms  DeleteObjects: 0.022800 ms)

========================================================================
Received Import Request.
  Time since last request: 53.605480 seconds.
  path: Assets/Scripts/Controller/InputManager.cs
  artifactKey: Guid(3c5dc66571fdffb489266e360c9f066e) Importer(815301076,1909f56bfc062723c751e8b465ee728b)
Start importing Assets/Scripts/Controller/InputManager.cs using Guid(3c5dc66571fdffb489266e360c9f066e) Importer(815301076,1909f56bfc062723c751e8b465ee728b)  -> (artifact id: '3cc7763ed058b5b90d294f2090148686') in 0.010813 seconds
  Import took 0.018468 seconds .

========================================================================
Received Import Request.
  Time since last request: 2.125162 seconds.
  path: Assets/Scripts/Controller/InputManager.cs
  artifactKey: Guid(3c5dc66571fdffb489266e360c9f066e) Importer(815301076,1909f56bfc062723c751e8b465ee728b)
Start importing Assets/Scripts/Controller/InputManager.cs using Guid(3c5dc66571fdffb489266e360c9f066e) Importer(815301076,1909f56bfc062723c751e8b465ee728b)  -> (artifact id: '3cc7763ed058b5b90d294f2090148686') in 0.011046 seconds
  Import took 0.017744 seconds .

========================================================================
Received Prepare
Registering precompiled user dll's ...
Registered in 0.005427 seconds.
Begin MonoManager ReloadAssembly
Native extension for WindowsStandalone target not found
Refreshing native plugins compatible for Editor in 0.64 ms, found 1 plugins.
Preloading 0 native plugins for Editor in 0.00 ms.
Invoked RoslynAnalysisRunner static constructor.
RoslynAnalysisRunner will not be running.
RoslynAnalysisRunner has terminated.
Mono: successfully reloaded assembly
- Completed reload, in  1.288 seconds
Platform modules already initialized, skipping
Shader 'Universal Render Pipeline/Particles/Lit': fallback shader 'Universal Render Pipeline/Particles/SimpleLit' not found
Refreshing native plugins compatible for Editor in 0.64 ms, found 1 plugins.
Preloading 0 native plugins for Editor in 0.00 ms.
Unloading 3492 Unused Serialized files (Serialized files now loaded: 0)
System memory in use before: 153.4 MB.
System memory in use after: 153.7 MB.

Unloading 10 unused Assets to reduce memory usage. Loaded Objects now: 4184.
Total: 3.003200 ms (FindLiveObjects: 0.322100 ms CreateObjectMapping: 0.489500 ms MarkObjects: 2.167100 ms  DeleteObjects: 0.023000 ms)

========================================================================
Received Import Request.
  Time since last request: 314.226874 seconds.
  path: Assets/Scripts/Controller/InputManager.cs
  artifactKey: Guid(3c5dc66571fdffb489266e360c9f066e) Importer(815301076,1909f56bfc062723c751e8b465ee728b)
Start importing Assets/Scripts/Controller/InputManager.cs using Guid(3c5dc66571fdffb489266e360c9f066e) Importer(815301076,1909f56bfc062723c751e8b465ee728b)  -> (artifact id: '7ef6feca03c01b7676c84a98ae44a31c') in 0.010304 seconds
  Import took 0.017773 seconds .

========================================================================
Received Import Request.
  Time since last request: 19.133283 seconds.
  path: Assets/Scripts/BehaviorTree/BT_Control_Action/BT_Action_DEATH.cs
  artifactKey: Guid(ad921b68c8b2ef84095e2761740bf1f9) Importer(815301076,1909f56bfc062723c751e8b465ee728b)
Start importing Assets/Scripts/BehaviorTree/BT_Control_Action/BT_Action_DEATH.cs using Guid(ad921b68c8b2ef84095e2761740bf1f9) Importer(815301076,1909f56bfc062723c751e8b465ee728b)  -> (artifact id: '638d3c59dda596d056223a4f7ea9a421') in 0.063696 seconds
  Import took 0.084518 seconds .

========================================================================
Received Prepare
Registering precompiled user dll's ...
Registered in 0.010438 seconds.
Begin MonoManager ReloadAssembly
Native extension for WindowsStandalone target not found
Refreshing native plugins compatible for Editor in 0.72 ms, found 1 plugins.
Preloading 0 native plugins for Editor in 0.00 ms.
Invoked RoslynAnalysisRunner static constructor.
RoslynAnalysisRunner will not be running.
RoslynAnalysisRunner has terminated.
Mono: successfully reloaded assembly
- Completed reload, in  2.196 seconds
Platform modules already initialized, skipping
Shader 'Universal Render Pipeline/Particles/Lit': fallback shader 'Universal Render Pipeline/Particles/SimpleLit' not found
Refreshing native plugins compatible for Editor in 0.69 ms, found 1 plugins.
Preloading 0 native plugins for Editor in 0.00 ms.
Unloading 3493 Unused Serialized files (Serialized files now loaded: 0)
System memory in use before: 153.5 MB.
System memory in use after: 153.7 MB.

Unloading 10 unused Assets to reduce memory usage. Loaded Objects now: 4188.
Total: 3.183200 ms (FindLiveObjects: 0.383300 ms CreateObjectMapping: 0.162400 ms MarkObjects: 2.611500 ms  DeleteObjects: 0.024600 ms)

========================================================================
Received Prepare
Registering precompiled user dll's ...
Registered in 0.006075 seconds.
Begin MonoManager ReloadAssembly
Native extension for WindowsStandalone target not found
Refreshing native plugins compatible for Editor in 0.66 ms, found 1 plugins.
Preloading 0 native plugins for Editor in 0.00 ms.
Invoked RoslynAnalysisRunner static constructor.
RoslynAnalysisRunner will not be running.
RoslynAnalysisRunner has terminated.
Mono: successfully reloaded assembly
- Completed reload, in  1.399 seconds
Platform modules already initialized, skipping
Shader 'Universal Render Pipeline/Particles/Lit': fallback shader 'Universal Render Pipeline/Particles/SimpleLit' not found
Refreshing native plugins compatible for Editor in 0.68 ms, found 1 plugins.
Preloading 0 native plugins for Editor in 0.00 ms.
Unloading 3493 Unused Serialized files (Serialized files now loaded: 0)
System memory in use before: 153.5 MB.
System memory in use after: 153.7 MB.

Unloading 10 unused Assets to reduce memory usage. Loaded Objects now: 4191.
Total: 3.132400 ms (FindLiveObjects: 0.378300 ms CreateObjectMapping: 0.210700 ms MarkObjects: 2.521300 ms  DeleteObjects: 0.020600 ms)

========================================================================
Received Import Request.
  Time since last request: 427.877204 seconds.
  path: Assets/Scripts/BehaviorTree/BT_Control_Action/BT_Action_DEATH.cs
  artifactKey: Guid(ad921b68c8b2ef84095e2761740bf1f9) Importer(815301076,1909f56bfc062723c751e8b465ee728b)
Start importing Assets/Scripts/BehaviorTree/BT_Control_Action/BT_Action_DEATH.cs using Guid(ad921b68c8b2ef84095e2761740bf1f9) Importer(815301076,1909f56bfc062723c751e8b465ee728b)  -> (artifact id: 'e24782493dd0cf4fb8d9a7681c47a00c') in 0.014841 seconds
  Import took 0.022857 seconds .

========================================================================
Received Import Request.
  Time since last request: 1.635720 seconds.
  path: Assets/Scripts/BehaviorTree/BT_Control_Action/BT_Action_DEATH.cs
  artifactKey: Guid(ad921b68c8b2ef84095e2761740bf1f9) Importer(815301076,1909f56bfc062723c751e8b465ee728b)
Start importing Assets/Scripts/BehaviorTree/BT_Control_Action/BT_Action_DEATH.cs using Guid(ad921b68c8b2ef84095e2761740bf1f9) Importer(815301076,1909f56bfc062723c751e8b465ee728b)  -> (artifact id: 'e24782493dd0cf4fb8d9a7681c47a00c') in 0.014094 seconds
  Import took 0.023803 seconds .

========================================================================
Received Prepare
Registering precompiled user dll's ...
Registered in 0.005619 seconds.
Begin MonoManager ReloadAssembly
Native extension for WindowsStandalone target not found
Refreshing native plugins compatible for Editor in 0.68 ms, found 1 plugins.
Preloading 0 native plugins for Editor in 0.00 ms.
Invoked RoslynAnalysisRunner static constructor.
RoslynAnalysisRunner will not be running.
RoslynAnalysisRunner has terminated.
Mono: successfully reloaded assembly
- Completed reload, in  1.567 seconds
Platform modules already initialized, skipping
Shader 'Universal Render Pipeline/Particles/Lit': fallback shader 'Universal Render Pipeline/Particles/SimpleLit' not found
Refreshing native plugins compatible for Editor in 0.66 ms, found 1 plugins.
Preloading 0 native plugins for Editor in 0.00 ms.
Unloading 3493 Unused Serialized files (Serialized files now loaded: 0)
System memory in use before: 153.5 MB.
System memory in use after: 153.7 MB.

Unloading 10 unused Assets to reduce memory usage. Loaded Objects now: 4194.
Total: 2.828200 ms (FindLiveObjects: 0.320900 ms CreateObjectMapping: 0.155700 ms MarkObjects: 2.330700 ms  DeleteObjects: 0.019800 ms)

========================================================================
Received Prepare
Registering precompiled user dll's ...
Registered in 0.008855 seconds.
Begin MonoManager ReloadAssembly
Native extension for WindowsStandalone target not found
Refreshing native plugins compatible for Editor in 0.75 ms, found 1 plugins.
Preloading 0 native plugins for Editor in 0.00 ms.
Invoked RoslynAnalysisRunner static constructor.
RoslynAnalysisRunner will not be running.
RoslynAnalysisRunner has terminated.
Mono: successfully reloaded assembly
- Completed reload, in  1.300 seconds
Platform modules already initialized, skipping
Shader 'Universal Render Pipeline/Particles/Lit': fallback shader 'Universal Render Pipeline/Particles/SimpleLit' not found
Refreshing native plugins compatible for Editor in 0.64 ms, found 1 plugins.
Preloading 0 native plugins for Editor in 0.00 ms.
Unloading 3493 Unused Serialized files (Serialized files now loaded: 0)
System memory in use before: 154.4 MB.
System memory in use after: 154.6 MB.

Unloading 10 unused Assets to reduce memory usage. Loaded Objects now: 4197.
Total: 2.668200 ms (FindLiveObjects: 0.314700 ms CreateObjectMapping: 0.149600 ms MarkObjects: 2.135600 ms  DeleteObjects: 0.026900 ms)

========================================================================
Received Prepare
Registering precompiled user dll's ...
Registered in 0.006857 seconds.
Begin MonoManager ReloadAssembly
Native extension for WindowsStandalone target not found
Refreshing native plugins compatible for Editor in 0.69 ms, found 1 plugins.
Preloading 0 native plugins for Editor in 0.00 ms.
Invoked RoslynAnalysisRunner static constructor.
RoslynAnalysisRunner will not be running.
RoslynAnalysisRunner has terminated.
Mono: successfully reloaded assembly
- Completed reload, in  1.324 seconds
Platform modules already initialized, skipping
Shader 'Universal Render Pipeline/Particles/Lit': fallback shader 'Universal Render Pipeline/Particles/SimpleLit' not found
Refreshing native plugins compatible for Editor in 0.71 ms, found 1 plugins.
Preloading 0 native plugins for Editor in 0.00 ms.
Unloading 3493 Unused Serialized files (Serialized files now loaded: 0)
System memory in use before: 153.5 MB.
System memory in use after: 153.8 MB.

Unloading 10 unused Assets to reduce memory usage. Loaded Objects now: 4200.
Total: 3.812400 ms (FindLiveObjects: 0.358600 ms CreateObjectMapping: 0.200700 ms MarkObjects: 3.231100 ms  DeleteObjects: 0.020800 ms)

========================================================================
Received Prepare
Registering precompiled user dll's ...
Registered in 0.006710 seconds.
Begin MonoManager ReloadAssembly
Native extension for WindowsStandalone target not found
Refreshing native plugins compatible for Editor in 0.69 ms, found 1 plugins.
Preloading 0 native plugins for Editor in 0.00 ms.
Invoked RoslynAnalysisRunner static constructor.
RoslynAnalysisRunner will not be running.
RoslynAnalysisRunner has terminated.
Mono: successfully reloaded assembly
- Completed reload, in  1.380 seconds
Platform modules already initialized, skipping
Shader 'Universal Render Pipeline/Particles/Lit': fallback shader 'Universal Render Pipeline/Particles/SimpleLit' not found
Refreshing native plugins compatible for Editor in 0.67 ms, found 1 plugins.
Preloading 0 native plugins for Editor in 0.00 ms.
Unloading 3493 Unused Serialized files (Serialized files now loaded: 0)
System memory in use before: 153.5 MB.
System memory in use after: 153.8 MB.

Unloading 10 unused Assets to reduce memory usage. Loaded Objects now: 4203.
Total: 2.829600 ms (FindLiveObjects: 0.318200 ms CreateObjectMapping: 0.157900 ms MarkObjects: 2.334400 ms  DeleteObjects: 0.017900 ms)

========================================================================
Received Prepare
Registering precompiled user dll's ...
Registered in 0.005777 seconds.
Begin MonoManager ReloadAssembly
Native extension for WindowsStandalone target not found
Refreshing native plugins compatible for Editor in 0.67 ms, found 1 plugins.
Preloading 0 native plugins for Editor in 0.00 ms.
Invoked RoslynAnalysisRunner static constructor.
RoslynAnalysisRunner will not be running.
RoslynAnalysisRunner has terminated.
Mono: successfully reloaded assembly
- Completed reload, in  1.330 seconds
Platform modules already initialized, skipping
Shader 'Universal Render Pipeline/Particles/Lit': fallback shader 'Universal Render Pipeline/Particles/SimpleLit' not found
Refreshing native plugins compatible for Editor in 0.77 ms, found 1 plugins.
Preloading 0 native plugins for Editor in 0.00 ms.
Unloading 3493 Unused Serialized files (Serialized files now loaded: 0)
System memory in use before: 153.5 MB.
System memory in use after: 153.8 MB.

Unloading 10 unused Assets to reduce memory usage. Loaded Objects now: 4206.
Total: 2.696900 ms (FindLiveObjects: 0.376800 ms CreateObjectMapping: 0.149000 ms MarkObjects: 2.133100 ms  DeleteObjects: 0.026300 ms)

========================================================================
Received Prepare
Registering precompiled user dll's ...
Registered in 0.007307 seconds.
Begin MonoManager ReloadAssembly
Native extension for WindowsStandalone target not found
Refreshing native plugins compatible for Editor in 0.66 ms, found 1 plugins.
Preloading 0 native plugins for Editor in 0.00 ms.
Invoked RoslynAnalysisRunner static constructor.
RoslynAnalysisRunner will not be running.
RoslynAnalysisRunner has terminated.
Mono: successfully reloaded assembly
- Completed reload, in  1.515 seconds
Platform modules already initialized, skipping
Shader 'Universal Render Pipeline/Particles/Lit': fallback shader 'Universal Render Pipeline/Particles/SimpleLit' not found
Refreshing native plugins compatible for Editor in 0.64 ms, found 1 plugins.
Preloading 0 native plugins for Editor in 0.00 ms.
Unloading 3493 Unused Serialized files (Serialized files now loaded: 0)
System memory in use before: 153.5 MB.
System memory in use after: 153.8 MB.

Unloading 10 unused Assets to reduce memory usage. Loaded Objects now: 4209.
Total: 3.425600 ms (FindLiveObjects: 0.334300 ms CreateObjectMapping: 0.157500 ms MarkObjects: 2.911600 ms  DeleteObjects: 0.020800 ms)

========================================================================
Received Import Request.
  Time since last request: 4084.459349 seconds.
  path: Assets/Prefabs/Basic_Character/PlayCharacter.prefab
  artifactKey: Guid(40bd2dd6e76eb2348a4f5dbe30dd78f2) Importer(815301076,1909f56bfc062723c751e8b465ee728b)
Start importing Assets/Prefabs/Basic_Character/PlayCharacter.prefab using Guid(40bd2dd6e76eb2348a4f5dbe30dd78f2) Importer(815301076,1909f56bfc062723c751e8b465ee728b)  -> (artifact id: '669c29dcdeea382ff0b3ed45c35196cb') in 0.045715 seconds
  Import took 0.053231 seconds .

========================================================================
Received Prepare
Registering precompiled user dll's ...
Registered in 0.005508 seconds.
Begin MonoManager ReloadAssembly
Native extension for WindowsStandalone target not found
Refreshing native plugins compatible for Editor in 1.02 ms, found 1 plugins.
Preloading 0 native plugins for Editor in 0.00 ms.
Invoked RoslynAnalysisRunner static constructor.
RoslynAnalysisRunner will not be running.
RoslynAnalysisRunner has terminated.
Mono: successfully reloaded assembly
- Completed reload, in  1.287 seconds
Platform modules already initialized, skipping
Shader 'Universal Render Pipeline/Particles/Lit': fallback shader 'Universal Render Pipeline/Particles/SimpleLit' not found
Refreshing native plugins compatible for Editor in 0.64 ms, found 1 plugins.
Preloading 0 native plugins for Editor in 0.00 ms.
Unloading 3493 Unused Serialized files (Serialized files now loaded: 0)
System memory in use before: 153.5 MB.
System memory in use after: 153.8 MB.

Unloading 10 unused Assets to reduce memory usage. Loaded Objects now: 4212.
Total: 3.029800 ms (FindLiveObjects: 0.380800 ms CreateObjectMapping: 0.173300 ms MarkObjects: 2.450700 ms  DeleteObjects: 0.023600 ms)

========================================================================
Received Import Request.
  Time since last request: 119.300818 seconds.
  path: Assets/Prefabs/Basic_Character/PlayCharacter.prefab
  artifactKey: Guid(40bd2dd6e76eb2348a4f5dbe30dd78f2) Importer(815301076,1909f56bfc062723c751e8b465ee728b)
Start importing Assets/Prefabs/Basic_Character/PlayCharacter.prefab using Guid(40bd2dd6e76eb2348a4f5dbe30dd78f2) Importer(815301076,1909f56bfc062723c751e8b465ee728b)  -> (artifact id: '6890428279c8a392829df7a9812b0530') in 0.034118 seconds
  Import took 0.041829 seconds .

========================================================================
Received Import Request.
  Time since last request: 3.734678 seconds.
  path: Assets/Scripts/Character/Character.cs
  artifactKey: Guid(7abfc97c134841e44a554d74293409d5) Importer(815301076,1909f56bfc062723c751e8b465ee728b)
Start importing Assets/Scripts/Character/Character.cs using Guid(7abfc97c134841e44a554d74293409d5) Importer(815301076,1909f56bfc062723c751e8b465ee728b)  -> (artifact id: 'db5faedb21c716462f7d31a298d86fbe') in 0.013687 seconds
  Import took 0.024542 seconds .

========================================================================
Received Import Request.
  Time since last request: 0.016567 seconds.
  path: Assets/Scripts/Character/Character.cs
  artifactKey: Guid(7abfc97c134841e44a554d74293409d5) Importer(815301076,1909f56bfc062723c751e8b465ee728b)
Start importing Assets/Scripts/Character/Character.cs using Guid(7abfc97c134841e44a554d74293409d5) Importer(815301076,1909f56bfc062723c751e8b465ee728b)  -> (artifact id: 'db5faedb21c716462f7d31a298d86fbe') in 0.006274 seconds
  Import took 0.015204 seconds .

========================================================================
Received Import Request.
  Time since last request: 1675.799137 seconds.
  path: Assets/Scripts/Character/Character.cs
  artifactKey: Guid(7abfc97c134841e44a554d74293409d5) Importer(815301076,1909f56bfc062723c751e8b465ee728b)
Start importing Assets/Scripts/Character/Character.cs using Guid(7abfc97c134841e44a554d74293409d5) Importer(815301076,1909f56bfc062723c751e8b465ee728b)  -> (artifact id: '18aa1163e349e17d1fa1c1ba6ee8705f') in 0.013883 seconds
  Import took 0.025740 seconds .

========================================================================
Received Import Request.
  Time since last request: 6441.469581 seconds.
  path: Assets/Scripts/InteractableObject
  artifactKey: Guid(437c12344edd0204f917e2cf23a02240) Importer(815301076,1909f56bfc062723c751e8b465ee728b)
Start importing Assets/Scripts/InteractableObject using Guid(437c12344edd0204f917e2cf23a02240) Importer(815301076,1909f56bfc062723c751e8b465ee728b)  -> (artifact id: '9ee3ee0e28de730447638ab00776bb40') in 0.014535 seconds
  Import took 0.058988 seconds .

========================================================================
Received Import Request.
  Time since last request: 8.957962 seconds.
  path: Assets/Scripts/InteractableObject/InteractableObject.cs
  artifactKey: Guid(0689ef98ab1265d4982868350c36ba47) Importer(815301076,1909f56bfc062723c751e8b465ee728b)
Start importing Assets/Scripts/InteractableObject/InteractableObject.cs using Guid(0689ef98ab1265d4982868350c36ba47) Importer(815301076,1909f56bfc062723c751e8b465ee728b)  -> (artifact id: '4a60c969e93abc94a0a42b0a175fbfc6') in 0.019109 seconds
  Import took 0.039988 seconds .

========================================================================
Received Import Request.
  Time since last request: 1406.606702 seconds.
  path: Assets/Scripts/InteractableObject/InteractableObject.cs
  artifactKey: Guid(0689ef98ab1265d4982868350c36ba47) Importer(815301076,1909f56bfc062723c751e8b465ee728b)
Start importing Assets/Scripts/InteractableObject/InteractableObject.cs using Guid(0689ef98ab1265d4982868350c36ba47) Importer(815301076,1909f56bfc062723c751e8b465ee728b)  -> (artifact id: '47b1331b400741fa92faaf74cbcfc5f1') in 0.019571 seconds
  Import took 0.037018 seconds .

========================================================================
Received Prepare
Registering precompiled user dll's ...
Registered in 0.006860 seconds.
Begin MonoManager ReloadAssembly
Native extension for WindowsStandalone target not found
Refreshing native plugins compatible for Editor in 0.66 ms, found 1 plugins.
Preloading 0 native plugins for Editor in 0.00 ms.
Invoked RoslynAnalysisRunner static constructor.
RoslynAnalysisRunner will not be running.
RoslynAnalysisRunner has terminated.
Mono: successfully reloaded assembly
- Completed reload, in  1.495 seconds
Platform modules already initialized, skipping
Shader 'Universal Render Pipeline/Particles/Lit': fallback shader 'Universal Render Pipeline/Particles/SimpleLit' not found
Refreshing native plugins compatible for Editor in 0.82 ms, found 1 plugins.
Preloading 0 native plugins for Editor in 0.00 ms.
Unloading 3494 Unused Serialized files (Serialized files now loaded: 0)
System memory in use before: 153.6 MB.
System memory in use after: 153.8 MB.

Unloading 10 unused Assets to reduce memory usage. Loaded Objects now: 4216.
Total: 3.784700 ms (FindLiveObjects: 0.436800 ms CreateObjectMapping: 0.190100 ms MarkObjects: 3.132900 ms  DeleteObjects: 0.023200 ms)

========================================================================
Received Import Request.
  Time since last request: 94.075896 seconds.
  path: Assets/Scripts/InteractableObject/Character/Character.cs
  artifactKey: Guid(7abfc97c134841e44a554d74293409d5) Importer(815301076,1909f56bfc062723c751e8b465ee728b)
Start importing Assets/Scripts/InteractableObject/Character/Character.cs using Guid(7abfc97c134841e44a554d74293409d5) Importer(815301076,1909f56bfc062723c751e8b465ee728b)  -> (artifact id: '20bd3cf2f3fe366374ae67537e6f807b') in 0.012075 seconds
  Import took 0.020731 seconds .

========================================================================
Received Import Request.
  Time since last request: 0.022621 seconds.
  path: Assets/Scripts/InteractableObject/Character/Character.cs
  artifactKey: Guid(7abfc97c134841e44a554d74293409d5) Importer(815301076,1909f56bfc062723c751e8b465ee728b)
Start importing Assets/Scripts/InteractableObject/Character/Character.cs using Guid(7abfc97c134841e44a554d74293409d5) Importer(815301076,1909f56bfc062723c751e8b465ee728b)  -> (artifact id: '20bd3cf2f3fe366374ae67537e6f807b') in 0.005170 seconds
  Import took 0.012775 seconds .

========================================================================
Received Prepare
Registering precompiled user dll's ...
Registered in 0.004892 seconds.
Begin MonoManager ReloadAssembly
Native extension for WindowsStandalone target not found
Refreshing native plugins compatible for Editor in 0.70 ms, found 1 plugins.
Preloading 0 native plugins for Editor in 0.00 ms.
Invoked RoslynAnalysisRunner static constructor.
RoslynAnalysisRunner will not be running.
RoslynAnalysisRunner has terminated.
Mono: successfully reloaded assembly
- Completed reload, in  1.263 seconds
Platform modules already initialized, skipping
Shader 'Universal Render Pipeline/Particles/Lit': fallback shader 'Universal Render Pipeline/Particles/SimpleLit' not found
Refreshing native plugins compatible for Editor in 0.64 ms, found 1 plugins.
Preloading 0 native plugins for Editor in 0.00 ms.
Unloading 3494 Unused Serialized files (Serialized files now loaded: 0)
System memory in use before: 153.6 MB.
System memory in use after: 153.8 MB.

Unloading 10 unused Assets to reduce memory usage. Loaded Objects now: 4219.
Total: 2.850400 ms (FindLiveObjects: 0.339300 ms CreateObjectMapping: 0.216400 ms MarkObjects: 2.248700 ms  DeleteObjects: 0.045200 ms)

========================================================================
Received Import Request.
  Time since last request: 772.530217 seconds.
  path: Assets/Scripts/InteractableObject/Character/Character.cs
  artifactKey: Guid(7abfc97c134841e44a554d74293409d5) Importer(815301076,1909f56bfc062723c751e8b465ee728b)
Start importing Assets/Scripts/InteractableObject/Character/Character.cs using Guid(7abfc97c134841e44a554d74293409d5) Importer(815301076,1909f56bfc062723c751e8b465ee728b)  -> (artifact id: '499a560ea1f71b0e221604c8c15362f8') in 0.009254 seconds
  Import took 0.016608 seconds .

AssetImportWorkerClient::OnTransportError - code=2 error=End of file
